2008-07-01 19:33:22 Warning: Warning (2): sqlite_popen() [<a href='http://php.net/function.sqlite-popen'>function.sqlite-popen</a>]: unable to open database: /Users/claco/mvc-marathon/cakephp/BurningPlate/webroot/burning_plate.db in [CORE/cake/libs/model/datasources/dbo/dbo_sqlite.php, line 112]
2008-07-01 19:34:50 Warning: Warning (2): sqlite_popen() [<a href='http://php.net/function.sqlite-popen'>function.sqlite-popen</a>]: unable to open database: /Users/claco/mvc-marathon/cakephp/BurningPlate/webroot/burning_plate.db in [CORE/cake/libs/model/datasources/dbo/dbo_sqlite.php, line 112]
2008-07-01 19:35:19 Warning: Warning (2): sqlite_popen() [<a href='http://php.net/function.sqlite-popen'>function.sqlite-popen</a>]: unable to open database: /Users/claco/mvc-marathon/cakephp/BurningPlate/webroot/burning_plate.db in [CORE/cake/libs/model/datasources/dbo/dbo_sqlite.php, line 112]
2008-07-01 19:54:56 Warning: Warning (2): sqlite_popen() [<a href='http://php.net/function.sqlite-popen'>function.sqlite-popen</a>]: unable to open database: /Users/claco/mvc-marathon/cakephp/BurningPlate/webroot/burning_plate.db in [CORE/cake/libs/model/datasources/dbo/dbo_sqlite.php, line 112]
2008-07-01 19:54:58 Warning: Warning (2): sqlite_popen() [<a href='http://php.net/function.sqlite-popen'>function.sqlite-popen</a>]: unable to open database: /Users/claco/mvc-marathon/cakephp/BurningPlate/webroot/burning_plate.db in [CORE/cake/libs/model/datasources/dbo/dbo_sqlite.php, line 112]
2008-07-01 20:15:43 Warning: Warning (2): sqlite_popen() [<a href='http://php.net/function.sqlite-popen'>function.sqlite-popen</a>]: unable to open database: /Users/claco/mvc-marathon/cakephp/BurningPlate/webroot/burning_plate.db in [CORE/cake/libs/model/datasources/dbo/dbo_sqlite.php, line 112]
2008-07-01 20:15:45 Warning: Warning (2): sqlite_popen() [<a href='http://php.net/function.sqlite-popen'>function.sqlite-popen</a>]: unable to open database: /Users/claco/mvc-marathon/cakephp/BurningPlate/webroot/burning_plate.db in [CORE/cake/libs/model/datasources/dbo/dbo_sqlite.php, line 112]
2008-07-01 20:16:33 Warning: Warning (2): sqlite_popen() [<a href='http://php.net/function.sqlite-popen'>function.sqlite-popen</a>]: unable to open database: /Users/claco/mvc-marathon/cakephp/BurningPlate/webroot/burning_plate.db in [CORE/cake/libs/model/datasources/dbo/dbo_sqlite.php, line 112]
2008-07-01 20:17:01 Warning: Warning (2): sqlite_popen() [<a href='http://php.net/function.sqlite-popen'>function.sqlite-popen</a>]: unable to open database: /Users/claco/mvc-marathon/cakephp/BurningPlate/webroot/burning_plate.db in [CORE/cake/libs/model/datasources/dbo/dbo_sqlite.php, line 112]
2008-07-01 20:17:29 Warning: Warning (2): sqlite_popen() [<a href='http://php.net/function.sqlite-popen'>function.sqlite-popen</a>]: unable to open database: /Users/claco/mvc-marathon/cakephp/BurningPlate/webroot/burning_plate.db in [CORE/cake/libs/model/datasources/dbo/dbo_sqlite.php, line 112]
2008-07-01 20:25:52 Warning: Warning (2): sqlite_popen() [<a href='http://php.net/function.sqlite-popen'>function.sqlite-popen</a>]: unable to open database: /Users/claco/mvc-marathon/cakephp/BurningPlate/webroot/burning_plate.db in [CORE/cake/libs/model/datasources/dbo/dbo_sqlite.php, line 112]
2008-07-01 20:29:33 Warning: Warning (2): sqlite_popen() [<a href='http://php.net/function.sqlite-popen'>function.sqlite-popen</a>]: unable to open database: /Users/claco/mvc-marathon/cakephp/BurningPlate/webroot/burning_plate.db in [CORE/cake/libs/model/datasources/dbo/dbo_sqlite.php, line 112]
2008-07-01 20:33:45 Warning: Warning (2): sqlite_popen() [<a href='http://php.net/function.sqlite-popen'>function.sqlite-popen</a>]: unable to open database: /Users/claco/mvc-marathon/cakephp/BurningPlate/webroot/burning_plate.db in [CORE/cake/libs/model/datasources/dbo/dbo_sqlite.php, line 112]
2008-07-01 20:51:56 Warning: Warning (2): sqlite_popen() [<a href='http://php.net/function.sqlite-popen'>function.sqlite-popen</a>]: unable to open database: /Users/claco/mvc-marathon/cakephp/BurningPlate/webroot/foo in [CORE/cake/libs/model/datasources/dbo/dbo_sqlite.php, line 112]
2008-07-01 20:52:46 Warning: Warning (2): sqlite_popen() [<a href='http://php.net/function.sqlite-popen'>function.sqlite-popen</a>]: unable to open database: /Users/claco/mvc-marathon/cakephp/BurningPlate/webroot/foo in [CORE/cake/libs/model/datasources/dbo/dbo_sqlite.php, line 112]
2008-07-01 20:52:47 Warning: Warning (2): sqlite_popen() [<a href='http://php.net/function.sqlite-popen'>function.sqlite-popen</a>]: unable to open database: /Users/claco/mvc-marathon/cakephp/BurningPlate/webroot/foo in [CORE/cake/libs/model/datasources/dbo/dbo_sqlite.php, line 112]
2008-07-01 20:53:59 Warning: Warning (2): sqlite_popen() [<a href='http://php.net/function.sqlite-popen'>function.sqlite-popen</a>]: unable to open database: /Users/claco/mvc-marathon/cakephp/BurningPlate/webroot/foo in [CORE/cake/libs/model/datasources/dbo/dbo_sqlite.php, line 112]
2008-07-01 21:12:34 Warning: Warning (2): fopen(/Users/claco/mvc-marathon/cakephp/BurningPlate/tmp/cache/persistent/cake_core_object_map) [<a href='http://php.net/function.fopen'>function.fopen</a>]: failed to open stream: Permission denied in [CORE/cake/libs/file.php, line 146]
2008-07-01 21:12:34 Warning: Warning (2): fopen(/Users/claco/mvc-marathon/cakephp/BurningPlate/tmp/cache/persistent/cake_core_dir_map) [<a href='http://php.net/function.fopen'>function.fopen</a>]: failed to open stream: Permission denied in [CORE/cake/libs/file.php, line 146]
2008-07-01 21:12:34 Warning: Warning (2): fopen(/Users/claco/mvc-marathon/cakephp/BurningPlate/tmp/cache/persistent/cake_core_file_map) [<a href='http://php.net/function.fopen'>function.fopen</a>]: failed to open stream: Permission denied in [CORE/cake/libs/file.php, line 146]
2008-07-01 21:12:34 Warning: Warning (2): fopen(/Users/claco/mvc-marathon/cakephp/BurningPlate/tmp/cache/persistent/cake_core_default_en_us) [<a href='http://php.net/function.fopen'>function.fopen</a>]: failed to open stream: Permission denied in [CORE/cake/libs/file.php, line 146]
2008-07-01 22:04:00 Warning: Warning (2): sqlite_query() [<a href='http://php.net/function.sqlite-query'>function.sqlite-query</a>]: attempt to write a readonly database in [CORE/cake/libs/model/datasources/dbo/dbo_sqlite.php, line 137]
2008-07-01 22:04:00 Warning: Warning (2): sqlite_num_fields() expects parameter 1 to be resource, boolean given in [CORE/cake/libs/model/datasources/dbo/dbo_sqlite.php, line 374]
2008-07-01 22:04:00 Warning: Warning (2): sqlite_fetch_array() expects parameter 1 to be resource, boolean given in [CORE/cake/libs/model/datasources/dbo/dbo_sqlite.php, line 395]
2008-07-01 22:04:00 Warning: Warning (512): <span style = "color:Red;text-align:left"><b>SQL Error:</b> 8: attempt to write a readonly database</span> in [CORE/cake/libs/model/datasources/dbo_source.php, line 512]
2008-07-01 22:04:54 Warning: Warning (2): sqlite_query() [<a href='http://php.net/function.sqlite-query'>function.sqlite-query</a>]: attempt to write a readonly database in [CORE/cake/libs/model/datasources/dbo/dbo_sqlite.php, line 137]
2008-07-01 22:04:54 Warning: Warning (2): sqlite_num_fields() expects parameter 1 to be resource, boolean given in [CORE/cake/libs/model/datasources/dbo/dbo_sqlite.php, line 374]
2008-07-01 22:04:54 Warning: Warning (2): sqlite_fetch_array() expects parameter 1 to be resource, boolean given in [CORE/cake/libs/model/datasources/dbo/dbo_sqlite.php, line 395]
2008-07-01 22:04:54 Warning: Warning (512): <span style = "color:Red;text-align:left"><b>SQL Error:</b> 8: attempt to write a readonly database</span> in [CORE/cake/libs/model/datasources/dbo_source.php, line 512]
2008-07-01 22:05:27 Warning: Warning (2): sqlite_query() [<a href='http://php.net/function.sqlite-query'>function.sqlite-query</a>]: unable to open database file in [CORE/cake/libs/model/datasources/dbo/dbo_sqlite.php, line 137]
2008-07-01 22:05:27 Warning: Warning (2): sqlite_num_fields() expects parameter 1 to be resource, boolean given in [CORE/cake/libs/model/datasources/dbo/dbo_sqlite.php, line 374]
2008-07-01 22:05:27 Warning: Warning (2): sqlite_fetch_array() expects parameter 1 to be resource, boolean given in [CORE/cake/libs/model/datasources/dbo/dbo_sqlite.php, line 395]
2008-07-01 22:05:27 Warning: Warning (512): <span style = "color:Red;text-align:left"><b>SQL Error:</b> 14: unable to open database file</span> in [CORE/cake/libs/model/datasources/dbo_source.php, line 512]
2008-07-01 22:06:12 Warning: Warning (2): sqlite_query() [<a href='http://php.net/function.sqlite-query'>function.sqlite-query</a>]: unable to open database file in [CORE/cake/libs/model/datasources/dbo/dbo_sqlite.php, line 137]
2008-07-01 22:06:12 Warning: Warning (2): sqlite_num_fields() expects parameter 1 to be resource, boolean given in [CORE/cake/libs/model/datasources/dbo/dbo_sqlite.php, line 374]
2008-07-01 22:06:12 Warning: Warning (2): sqlite_fetch_array() expects parameter 1 to be resource, boolean given in [CORE/cake/libs/model/datasources/dbo/dbo_sqlite.php, line 395]
2008-07-01 22:06:12 Warning: Warning (512): <span style = "color:Red;text-align:left"><b>SQL Error:</b> 14: unable to open database file</span> in [CORE/cake/libs/model/datasources/dbo_source.php, line 512]
2008-07-01 22:06:13 Warning: Warning (2): sqlite_query() [<a href='http://php.net/function.sqlite-query'>function.sqlite-query</a>]: unable to open database file in [CORE/cake/libs/model/datasources/dbo/dbo_sqlite.php, line 137]
2008-07-01 22:06:13 Warning: Warning (2): sqlite_num_fields() expects parameter 1 to be resource, boolean given in [CORE/cake/libs/model/datasources/dbo/dbo_sqlite.php, line 374]
2008-07-01 22:06:13 Warning: Warning (2): sqlite_fetch_array() expects parameter 1 to be resource, boolean given in [CORE/cake/libs/model/datasources/dbo/dbo_sqlite.php, line 395]
2008-07-01 22:06:13 Warning: Warning (512): <span style = "color:Red;text-align:left"><b>SQL Error:</b> 14: unable to open database file</span> in [CORE/cake/libs/model/datasources/dbo_source.php, line 512]
2008-07-01 22:06:15 Warning: Warning (2): sqlite_query() [<a href='http://php.net/function.sqlite-query'>function.sqlite-query</a>]: unable to open database file in [CORE/cake/libs/model/datasources/dbo/dbo_sqlite.php, line 137]
2008-07-01 22:06:15 Warning: Warning (2): sqlite_num_fields() expects parameter 1 to be resource, boolean given in [CORE/cake/libs/model/datasources/dbo/dbo_sqlite.php, line 374]
2008-07-01 22:06:15 Warning: Warning (2): sqlite_fetch_array() expects parameter 1 to be resource, boolean given in [CORE/cake/libs/model/datasources/dbo/dbo_sqlite.php, line 395]
2008-07-01 22:06:15 Warning: Warning (512): <span style = "color:Red;text-align:left"><b>SQL Error:</b> 14: unable to open database file</span> in [CORE/cake/libs/model/datasources/dbo_source.php, line 512]
2008-07-01 22:06:16 Warning: Warning (2): sqlite_query() [<a href='http://php.net/function.sqlite-query'>function.sqlite-query</a>]: unable to open database file in [CORE/cake/libs/model/datasources/dbo/dbo_sqlite.php, line 137]
2008-07-01 22:06:16 Warning: Warning (2): sqlite_num_fields() expects parameter 1 to be resource, boolean given in [CORE/cake/libs/model/datasources/dbo/dbo_sqlite.php, line 374]
2008-07-01 22:06:16 Warning: Warning (2): sqlite_fetch_array() expects parameter 1 to be resource, boolean given in [CORE/cake/libs/model/datasources/dbo/dbo_sqlite.php, line 395]
2008-07-01 22:06:16 Warning: Warning (512): <span style = "color:Red;text-align:left"><b>SQL Error:</b> 14: unable to open database file</span> in [CORE/cake/libs/model/datasources/dbo_source.php, line 512]
2008-07-01 22:08:20 Warning: Warning (2): sqlite_query() [<a href='http://php.net/function.sqlite-query'>function.sqlite-query</a>]: unable to open database file in [CORE/cake/libs/model/datasources/dbo/dbo_sqlite.php, line 137]
2008-07-01 22:08:20 Warning: Warning (2): sqlite_num_fields() expects parameter 1 to be resource, boolean given in [CORE/cake/libs/model/datasources/dbo/dbo_sqlite.php, line 374]
2008-07-01 22:08:20 Warning: Warning (2): sqlite_fetch_array() expects parameter 1 to be resource, boolean given in [CORE/cake/libs/model/datasources/dbo/dbo_sqlite.php, line 395]
2008-07-01 22:08:20 Warning: Warning (512): <span style = "color:Red;text-align:left"><b>SQL Error:</b> 14: unable to open database file</span> in [CORE/cake/libs/model/datasources/dbo_source.php, line 512]
2008-07-01 22:08:22 Warning: Warning (2): sqlite_query() [<a href='http://php.net/function.sqlite-query'>function.sqlite-query</a>]: unable to open database file in [CORE/cake/libs/model/datasources/dbo/dbo_sqlite.php, line 137]
2008-07-01 22:08:22 Warning: Warning (2): sqlite_num_fields() expects parameter 1 to be resource, boolean given in [CORE/cake/libs/model/datasources/dbo/dbo_sqlite.php, line 374]
2008-07-01 22:08:22 Warning: Warning (2): sqlite_fetch_array() expects parameter 1 to be resource, boolean given in [CORE/cake/libs/model/datasources/dbo/dbo_sqlite.php, line 395]
2008-07-01 22:08:22 Warning: Warning (512): <span style = "color:Red;text-align:left"><b>SQL Error:</b> 14: unable to open database file</span> in [CORE/cake/libs/model/datasources/dbo_source.php, line 512]
2008-07-01 22:08:40 Warning: Warning (2): sqlite_query() [<a href='http://php.net/function.sqlite-query'>function.sqlite-query</a>]: unable to open database file in [CORE/cake/libs/model/datasources/dbo/dbo_sqlite.php, line 137]
2008-07-01 22:08:40 Warning: Warning (2): sqlite_num_fields() expects parameter 1 to be resource, boolean given in [CORE/cake/libs/model/datasources/dbo/dbo_sqlite.php, line 374]
2008-07-01 22:08:40 Warning: Warning (2): sqlite_fetch_array() expects parameter 1 to be resource, boolean given in [CORE/cake/libs/model/datasources/dbo/dbo_sqlite.php, line 395]
2008-07-01 22:08:40 Warning: Warning (512): <span style = "color:Red;text-align:left"><b>SQL Error:</b> 14: unable to open database file</span> in [CORE/cake/libs/model/datasources/dbo_source.php, line 512]
2008-07-01 22:09:09 Warning: Warning (2): sqlite_query() [<a href='http://php.net/function.sqlite-query'>function.sqlite-query</a>]: unable to open database file in [CORE/cake/libs/model/datasources/dbo/dbo_sqlite.php, line 137]
2008-07-01 22:09:09 Warning: Warning (2): sqlite_num_fields() expects parameter 1 to be resource, boolean given in [CORE/cake/libs/model/datasources/dbo/dbo_sqlite.php, line 374]
2008-07-01 22:09:09 Warning: Warning (2): sqlite_fetch_array() expects parameter 1 to be resource, boolean given in [CORE/cake/libs/model/datasources/dbo/dbo_sqlite.php, line 395]
2008-07-01 22:09:09 Warning: Warning (512): <span style = "color:Red;text-align:left"><b>SQL Error:</b> 14: unable to open database file</span> in [CORE/cake/libs/model/datasources/dbo_source.php, line 512]
2008-07-01 22:09:11 Warning: Warning (2): sqlite_query() [<a href='http://php.net/function.sqlite-query'>function.sqlite-query</a>]: unable to open database file in [CORE/cake/libs/model/datasources/dbo/dbo_sqlite.php, line 137]
2008-07-01 22:09:11 Warning: Warning (2): sqlite_num_fields() expects parameter 1 to be resource, boolean given in [CORE/cake/libs/model/datasources/dbo/dbo_sqlite.php, line 374]
2008-07-01 22:09:11 Warning: Warning (2): sqlite_fetch_array() expects parameter 1 to be resource, boolean given in [CORE/cake/libs/model/datasources/dbo/dbo_sqlite.php, line 395]
2008-07-01 22:09:11 Warning: Warning (512): <span style = "color:Red;text-align:left"><b>SQL Error:</b> 14: unable to open database file</span> in [CORE/cake/libs/model/datasources/dbo_source.php, line 512]
2008-07-01 22:09:12 Warning: Warning (2): sqlite_query() [<a href='http://php.net/function.sqlite-query'>function.sqlite-query</a>]: unable to open database file in [CORE/cake/libs/model/datasources/dbo/dbo_sqlite.php, line 137]
2008-07-01 22:09:12 Warning: Warning (2): sqlite_num_fields() expects parameter 1 to be resource, boolean given in [CORE/cake/libs/model/datasources/dbo/dbo_sqlite.php, line 374]
2008-07-01 22:09:12 Warning: Warning (2): sqlite_fetch_array() expects parameter 1 to be resource, boolean given in [CORE/cake/libs/model/datasources/dbo/dbo_sqlite.php, line 395]
2008-07-01 22:09:12 Warning: Warning (512): <span style = "color:Red;text-align:left"><b>SQL Error:</b> 14: unable to open database file</span> in [CORE/cake/libs/model/datasources/dbo_source.php, line 512]
2008-07-01 22:09:19 Warning: Warning (2): sqlite_query() [<a href='http://php.net/function.sqlite-query'>function.sqlite-query</a>]: unable to open database file in [CORE/cake/libs/model/datasources/dbo/dbo_sqlite.php, line 137]
2008-07-01 22:09:19 Warning: Warning (2): sqlite_num_fields() expects parameter 1 to be resource, boolean given in [CORE/cake/libs/model/datasources/dbo/dbo_sqlite.php, line 374]
2008-07-01 22:09:19 Warning: Warning (2): sqlite_fetch_array() expects parameter 1 to be resource, boolean given in [CORE/cake/libs/model/datasources/dbo/dbo_sqlite.php, line 395]
2008-07-01 22:09:19 Warning: Warning (512): <span style = "color:Red;text-align:left"><b>SQL Error:</b> 14: unable to open database file</span> in [CORE/cake/libs/model/datasources/dbo_source.php, line 512]
2008-07-01 22:10:14 Warning: Warning (2): sqlite_query() [<a href='http://php.net/function.sqlite-query'>function.sqlite-query</a>]: unable to open database file in [CORE/cake/libs/model/datasources/dbo/dbo_sqlite.php, line 137]
2008-07-01 22:10:14 Warning: Warning (512): <span style = "color:Red;text-align:left"><b>SQL Error:</b> 14: unable to open database file</span> in [CORE/cake/libs/model/datasources/dbo_source.php, line 512]
2008-07-01 22:10:14 Warning: Warning (2): sqlite_num_fields() expects parameter 1 to be resource, boolean given in [CORE/cake/libs/model/datasources/dbo/dbo_sqlite.php, line 374]
2008-07-01 22:10:14 Warning: Warning (2): sqlite_fetch_array() expects parameter 1 to be resource, boolean given in [CORE/cake/libs/model/datasources/dbo/dbo_sqlite.php, line 395]
2008-07-01 22:11:26 Warning: Warning (2): sqlite_query() [<a href='http://php.net/function.sqlite-query'>function.sqlite-query</a>]: unable to open database file in [CORE/cake/libs/model/datasources/dbo/dbo_sqlite.php, line 137]
2008-07-01 22:11:26 Warning: Warning (512): <span style = "color:Red;text-align:left"><b>SQL Error:</b> 14: unable to open database file</span> in [CORE/cake/libs/model/datasources/dbo_source.php, line 512]
2008-07-01 22:11:26 Warning: Warning (2): sqlite_num_fields() expects parameter 1 to be resource, boolean given in [CORE/cake/libs/model/datasources/dbo/dbo_sqlite.php, line 374]
2008-07-01 22:11:26 Warning: Warning (2): sqlite_fetch_array() expects parameter 1 to be resource, boolean given in [CORE/cake/libs/model/datasources/dbo/dbo_sqlite.php, line 395]
2008-07-01 22:12:12 Warning: Warning (2): sqlite_query() [<a href='http://php.net/function.sqlite-query'>function.sqlite-query</a>]: unable to open database file in [CORE/cake/libs/model/datasources/dbo/dbo_sqlite.php, line 137]
2008-07-01 22:12:12 Warning: Warning (512): <span style = "color:Red;text-align:left"><b>SQL Error:</b> 14: unable to open database file</span> in [CORE/cake/libs/model/datasources/dbo_source.php, line 512]
2008-07-01 22:12:12 Warning: Warning (2): sqlite_num_fields() expects parameter 1 to be resource, boolean given in [CORE/cake/libs/model/datasources/dbo/dbo_sqlite.php, line 374]
2008-07-01 22:12:12 Warning: Warning (2): sqlite_fetch_array() expects parameter 1 to be resource, boolean given in [CORE/cake/libs/model/datasources/dbo/dbo_sqlite.php, line 395]
2008-07-01 22:12:16 Warning: Warning (2): sqlite_query() [<a href='http://php.net/function.sqlite-query'>function.sqlite-query</a>]: unable to open database file in [CORE/cake/libs/model/datasources/dbo/dbo_sqlite.php, line 137]
2008-07-01 22:12:16 Warning: Warning (512): <span style = "color:Red;text-align:left"><b>SQL Error:</b> 14: unable to open database file</span> in [CORE/cake/libs/model/datasources/dbo_source.php, line 512]
2008-07-01 22:12:16 Warning: Warning (2): sqlite_num_fields() expects parameter 1 to be resource, boolean given in [CORE/cake/libs/model/datasources/dbo/dbo_sqlite.php, line 374]
2008-07-01 22:12:16 Warning: Warning (2): sqlite_fetch_array() expects parameter 1 to be resource, boolean given in [CORE/cake/libs/model/datasources/dbo/dbo_sqlite.php, line 395]
2008-07-01 22:12:17 Warning: Warning (2): sqlite_query() [<a href='http://php.net/function.sqlite-query'>function.sqlite-query</a>]: unable to open database file in [CORE/cake/libs/model/datasources/dbo/dbo_sqlite.php, line 137]
2008-07-01 22:12:17 Warning: Warning (512): <span style = "color:Red;text-align:left"><b>SQL Error:</b> 14: unable to open database file</span> in [CORE/cake/libs/model/datasources/dbo_source.php, line 512]
2008-07-01 22:12:17 Warning: Warning (2): sqlite_num_fields() expects parameter 1 to be resource, boolean given in [CORE/cake/libs/model/datasources/dbo/dbo_sqlite.php, line 374]
2008-07-01 22:12:17 Warning: Warning (2): sqlite_fetch_array() expects parameter 1 to be resource, boolean given in [CORE/cake/libs/model/datasources/dbo/dbo_sqlite.php, line 395]
2008-07-01 22:12:18 Warning: Warning (2): sqlite_query() [<a href='http://php.net/function.sqlite-query'>function.sqlite-query</a>]: unable to open database file in [CORE/cake/libs/model/datasources/dbo/dbo_sqlite.php, line 137]
2008-07-01 22:12:18 Warning: Warning (512): <span style = "color:Red;text-align:left"><b>SQL Error:</b> 14: unable to open database file</span> in [CORE/cake/libs/model/datasources/dbo_source.php, line 512]
2008-07-01 22:12:18 Warning: Warning (2): sqlite_num_fields() expects parameter 1 to be resource, boolean given in [CORE/cake/libs/model/datasources/dbo/dbo_sqlite.php, line 374]
2008-07-01 22:12:18 Warning: Warning (2): sqlite_fetch_array() expects parameter 1 to be resource, boolean given in [CORE/cake/libs/model/datasources/dbo/dbo_sqlite.php, line 395]
2008-07-01 22:12:19 Warning: Warning (2): sqlite_query() [<a href='http://php.net/function.sqlite-query'>function.sqlite-query</a>]: unable to open database file in [CORE/cake/libs/model/datasources/dbo/dbo_sqlite.php, line 137]
2008-07-01 22:12:19 Warning: Warning (512): <span style = "color:Red;text-align:left"><b>SQL Error:</b> 14: unable to open database file</span> in [CORE/cake/libs/model/datasources/dbo_source.php, line 512]
2008-07-01 22:12:19 Warning: Warning (2): sqlite_num_fields() expects parameter 1 to be resource, boolean given in [CORE/cake/libs/model/datasources/dbo/dbo_sqlite.php, line 374]
2008-07-01 22:12:19 Warning: Warning (2): sqlite_fetch_array() expects parameter 1 to be resource, boolean given in [CORE/cake/libs/model/datasources/dbo/dbo_sqlite.php, line 395]
2008-07-01 22:12:49 Warning: Warning (2): sqlite_query() [<a href='http://php.net/function.sqlite-query'>function.sqlite-query</a>]: unable to open database file in [CORE/cake/libs/model/datasources/dbo/dbo_sqlite.php, line 137]
2008-07-01 22:12:49 Warning: Warning (512): <span style = "color:Red;text-align:left"><b>SQL Error:</b> 14: unable to open database file</span> in [CORE/cake/libs/model/datasources/dbo_source.php, line 512]
2008-07-01 22:12:49 Warning: Warning (2): sqlite_num_fields() expects parameter 1 to be resource, boolean given in [CORE/cake/libs/model/datasources/dbo/dbo_sqlite.php, line 374]
2008-07-01 22:12:49 Warning: Warning (2): sqlite_fetch_array() expects parameter 1 to be resource, boolean given in [CORE/cake/libs/model/datasources/dbo/dbo_sqlite.php, line 395]
2008-07-01 22:15:33 Warning: Warning (2): sqlite_query() [<a href='http://php.net/function.sqlite-query'>function.sqlite-query</a>]: unable to open database file in [CORE/cake/libs/model/datasources/dbo/dbo_sqlite.php, line 137]
2008-07-01 22:15:33 Warning: Warning (2): sqlite_num_fields() expects parameter 1 to be resource, boolean given in [CORE/cake/libs/model/datasources/dbo/dbo_sqlite.php, line 374]
2008-07-01 22:15:33 Warning: Warning (2): sqlite_fetch_array() expects parameter 1 to be resource, boolean given in [CORE/cake/libs/model/datasources/dbo/dbo_sqlite.php, line 395]
2008-07-01 22:15:33 Warning: Warning (512): <span style = "color:Red;text-align:left"><b>SQL Error:</b> 14: unable to open database file</span> in [CORE/cake/libs/model/datasources/dbo_source.php, line 512]
2008-07-01 22:15:38 Warning: Warning (2): sqlite_query() [<a href='http://php.net/function.sqlite-query'>function.sqlite-query</a>]: unable to open database file in [CORE/cake/libs/model/datasources/dbo/dbo_sqlite.php, line 137]
2008-07-01 22:15:38 Warning: Warning (2): sqlite_num_fields() expects parameter 1 to be resource, boolean given in [CORE/cake/libs/model/datasources/dbo/dbo_sqlite.php, line 374]
2008-07-01 22:15:38 Warning: Warning (2): sqlite_fetch_array() expects parameter 1 to be resource, boolean given in [CORE/cake/libs/model/datasources/dbo/dbo_sqlite.php, line 395]
2008-07-01 22:15:38 Warning: Warning (512): <span style = "color:Red;text-align:left"><b>SQL Error:</b> 14: unable to open database file</span> in [CORE/cake/libs/model/datasources/dbo_source.php, line 512]
2008-07-01 22:15:39 Warning: Warning (2): sqlite_query() [<a href='http://php.net/function.sqlite-query'>function.sqlite-query</a>]: unable to open database file in [CORE/cake/libs/model/datasources/dbo/dbo_sqlite.php, line 137]
2008-07-01 22:15:39 Warning: Warning (2): sqlite_num_fields() expects parameter 1 to be resource, boolean given in [CORE/cake/libs/model/datasources/dbo/dbo_sqlite.php, line 374]
2008-07-01 22:15:39 Warning: Warning (2): sqlite_fetch_array() expects parameter 1 to be resource, boolean given in [CORE/cake/libs/model/datasources/dbo/dbo_sqlite.php, line 395]
2008-07-01 22:15:39 Warning: Warning (512): <span style = "color:Red;text-align:left"><b>SQL Error:</b> 14: unable to open database file</span> in [CORE/cake/libs/model/datasources/dbo_source.php, line 512]
2008-07-01 22:19:24 Warning: Warning (2): sqlite_query() [<a href='http://php.net/function.sqlite-query'>function.sqlite-query</a>]: unable to open database file in [CORE/cake/libs/model/datasources/dbo/dbo_sqlite.php, line 137]
2008-07-01 22:19:24 Warning: Warning (2): sqlite_num_fields() expects parameter 1 to be resource, boolean given in [CORE/cake/libs/model/datasources/dbo/dbo_sqlite.php, line 374]
2008-07-01 22:19:24 Warning: Warning (2): sqlite_fetch_array() expects parameter 1 to be resource, boolean given in [CORE/cake/libs/model/datasources/dbo/dbo_sqlite.php, line 395]
2008-07-01 22:19:24 Warning: Warning (512): <span style = "color:Red;text-align:left"><b>SQL Error:</b> 14: unable to open database file</span> in [CORE/cake/libs/model/datasources/dbo_source.php, line 512]
2008-07-01 22:19:27 Warning: Warning (2): sqlite_query() [<a href='http://php.net/function.sqlite-query'>function.sqlite-query</a>]: unable to open database file in [CORE/cake/libs/model/datasources/dbo/dbo_sqlite.php, line 137]
2008-07-01 22:19:27 Warning: Warning (2): sqlite_num_fields() expects parameter 1 to be resource, boolean given in [CORE/cake/libs/model/datasources/dbo/dbo_sqlite.php, line 374]
2008-07-01 22:19:27 Warning: Warning (2): sqlite_fetch_array() expects parameter 1 to be resource, boolean given in [CORE/cake/libs/model/datasources/dbo/dbo_sqlite.php, line 395]
2008-07-01 22:19:27 Warning: Warning (512): <span style = "color:Red;text-align:left"><b>SQL Error:</b> 14: unable to open database file</span> in [CORE/cake/libs/model/datasources/dbo_source.php, line 512]
2008-07-09 22:31:52 Warning: Warning (2): sqlite_popen() [<a href='http://php.net/function.sqlite-popen'>function.sqlite-popen</a>]: unable to open database: /Users/claco/mvc-marathon/cakephp/BurningPlate/webroot/burning_plate.db in [CORE/cake/libs/model/datasources/dbo/dbo_sqlite.php, line 112]
2008-07-09 22:31:56 Warning: Warning (2): sqlite_popen() [<a href='http://php.net/function.sqlite-popen'>function.sqlite-popen</a>]: unable to open database: /Users/claco/mvc-marathon/cakephp/BurningPlate/webroot/burning_plate.db in [CORE/cake/libs/model/datasources/dbo/dbo_sqlite.php, line 112]
2008-07-09 22:32:18 Warning: Warning (2): sqlite_popen() [<a href='http://php.net/function.sqlite-popen'>function.sqlite-popen</a>]: unable to open database: /Users/claco/mvc-marathon/cakephp/BurningPlate/webroot/burning_plate.db in [CORE/cake/libs/model/datasources/dbo/dbo_sqlite.php, line 112]
2008-07-12 00:04:06 Warning: Warning (2): sqlite_query() [<a href='http://php.net/function.sqlite-query'>function.sqlite-query</a>]: attempt to write a readonly database in [CORE/cake/libs/model/datasources/dbo/dbo_sqlite.php, line 137]
2008-07-12 00:04:06 Warning: Warning (2): sqlite_num_fields() expects parameter 1 to be resource, boolean given in [CORE/cake/libs/model/datasources/dbo/dbo_sqlite.php, line 374]
2008-07-12 00:04:06 Warning: Warning (2): sqlite_fetch_array() expects parameter 1 to be resource, boolean given in [CORE/cake/libs/model/datasources/dbo/dbo_sqlite.php, line 395]
2008-07-12 00:04:06 Warning: Warning (512): <span style = "color:Red;text-align:left"><b>SQL Error:</b> 8: attempt to write a readonly database</span> in [CORE/cake/libs/model/datasources/dbo_source.php, line 512]
2008-07-12 00:05:55 Warning: Warning (2): sqlite_query() [<a href='http://php.net/function.sqlite-query'>function.sqlite-query</a>]: attempt to write a readonly database in [CORE/cake/libs/model/datasources/dbo/dbo_sqlite.php, line 137]
2008-07-12 00:05:55 Warning: Warning (2): sqlite_num_fields() expects parameter 1 to be resource, boolean given in [CORE/cake/libs/model/datasources/dbo/dbo_sqlite.php, line 374]
2008-07-12 00:05:55 Warning: Warning (2): sqlite_fetch_array() expects parameter 1 to be resource, boolean given in [CORE/cake/libs/model/datasources/dbo/dbo_sqlite.php, line 395]
2008-07-12 00:05:55 Warning: Warning (512): <span style = "color:Red;text-align:left"><b>SQL Error:</b> 8: attempt to write a readonly database</span> in [CORE/cake/libs/model/datasources/dbo_source.php, line 512]
2008-07-12 00:06:03 Warning: Warning (2): sqlite_query() [<a href='http://php.net/function.sqlite-query'>function.sqlite-query</a>]: attempt to write a readonly database in [CORE/cake/libs/model/datasources/dbo/dbo_sqlite.php, line 137]
2008-07-12 00:06:03 Warning: Warning (2): sqlite_num_fields() expects parameter 1 to be resource, boolean given in [CORE/cake/libs/model/datasources/dbo/dbo_sqlite.php, line 374]
2008-07-12 00:06:03 Warning: Warning (2): sqlite_fetch_array() expects parameter 1 to be resource, boolean given in [CORE/cake/libs/model/datasources/dbo/dbo_sqlite.php, line 395]
2008-07-12 00:06:03 Warning: Warning (512): <span style = "color:Red;text-align:left"><b>SQL Error:</b> 8: attempt to write a readonly database</span> in [CORE/cake/libs/model/datasources/dbo_source.php, line 512]
2008-07-12 00:06:10 Warning: Warning (2): sqlite_query() [<a href='http://php.net/function.sqlite-query'>function.sqlite-query</a>]: attempt to write a readonly database in [CORE/cake/libs/model/datasources/dbo/dbo_sqlite.php, line 137]
2008-07-12 00:06:10 Warning: Warning (2): sqlite_num_fields() expects parameter 1 to be resource, boolean given in [CORE/cake/libs/model/datasources/dbo/dbo_sqlite.php, line 374]
2008-07-12 00:06:10 Warning: Warning (2): sqlite_fetch_array() expects parameter 1 to be resource, boolean given in [CORE/cake/libs/model/datasources/dbo/dbo_sqlite.php, line 395]
2008-07-12 00:06:10 Warning: Warning (512): <span style = "color:Red;text-align:left"><b>SQL Error:</b> 8: attempt to write a readonly database</span> in [CORE/cake/libs/model/datasources/dbo_source.php, line 512]
2008-07-12 00:06:15 Warning: Warning (2): sqlite_query() [<a href='http://php.net/function.sqlite-query'>function.sqlite-query</a>]: attempt to write a readonly database in [CORE/cake/libs/model/datasources/dbo/dbo_sqlite.php, line 137]
2008-07-12 00:06:15 Warning: Warning (2): sqlite_num_fields() expects parameter 1 to be resource, boolean given in [CORE/cake/libs/model/datasources/dbo/dbo_sqlite.php, line 374]
2008-07-12 00:06:15 Warning: Warning (2): sqlite_fetch_array() expects parameter 1 to be resource, boolean given in [CORE/cake/libs/model/datasources/dbo/dbo_sqlite.php, line 395]
2008-07-12 00:06:15 Warning: Warning (512): <span style = "color:Red;text-align:left"><b>SQL Error:</b> 8: attempt to write a readonly database</span> in [CORE/cake/libs/model/datasources/dbo_source.php, line 512]
2008-07-23 22:22:10 Warning: Warning (2): sqlite_query() [<a href='http://php.net/function.sqlite-query'>function.sqlite-query</a>]: attempt to write a readonly database in [CORE/cake/libs/model/datasources/dbo/dbo_sqlite.php, line 137]
2008-07-23 22:22:10 Warning: Warning (2): sqlite_num_fields() expects parameter 1 to be resource, boolean given in [CORE/cake/libs/model/datasources/dbo/dbo_sqlite.php, line 374]
2008-07-23 22:22:10 Warning: Warning (2): sqlite_fetch_array() expects parameter 1 to be resource, boolean given in [CORE/cake/libs/model/datasources/dbo/dbo_sqlite.php, line 395]
2008-07-23 22:22:10 Warning: Warning (512): <span style = "color:Red;text-align:left"><b>SQL Error:</b> 8: attempt to write a readonly database</span> in [CORE/cake/libs/model/datasources/dbo_source.php, line 512]
2008-07-23 22:22:10 Warning: Warning (2): Cannot modify header information - headers already sent by (output started at /usr/local/lib/cake/cake/basics.php:111) in [CORE/cake/libs/controller/controller.php, line 577]
2008-07-23 22:22:29 Warning: Warning (2): sqlite_query() [<a href='http://php.net/function.sqlite-query'>function.sqlite-query</a>]: attempt to write a readonly database in [CORE/cake/libs/model/datasources/dbo/dbo_sqlite.php, line 137]
2008-07-23 22:22:29 Warning: Warning (2): sqlite_num_fields() expects parameter 1 to be resource, boolean given in [CORE/cake/libs/model/datasources/dbo/dbo_sqlite.php, line 374]
2008-07-23 22:22:29 Warning: Warning (2): sqlite_fetch_array() expects parameter 1 to be resource, boolean given in [CORE/cake/libs/model/datasources/dbo/dbo_sqlite.php, line 395]
2008-07-23 22:22:29 Warning: Warning (512): <span style = "color:Red;text-align:left"><b>SQL Error:</b> 8: attempt to write a readonly database</span> in [CORE/cake/libs/model/datasources/dbo_source.php, line 512]
2008-07-23 22:22:29 Warning: Warning (2): Cannot modify header information - headers already sent by (output started at /usr/local/lib/cake/cake/basics.php:111) in [CORE/cake/libs/controller/controller.php, line 577]
2008-07-23 22:22:42 Warning: Warning (2): sqlite_query() [<a href='http://php.net/function.sqlite-query'>function.sqlite-query</a>]: attempt to write a readonly database in [CORE/cake/libs/model/datasources/dbo/dbo_sqlite.php, line 137]
2008-07-23 22:22:42 Warning: Warning (2): sqlite_num_fields() expects parameter 1 to be resource, boolean given in [CORE/cake/libs/model/datasources/dbo/dbo_sqlite.php, line 374]
2008-07-23 22:22:42 Warning: Warning (2): sqlite_fetch_array() expects parameter 1 to be resource, boolean given in [CORE/cake/libs/model/datasources/dbo/dbo_sqlite.php, line 395]
2008-07-23 22:22:42 Warning: Warning (512): <span style = "color:Red;text-align:left"><b>SQL Error:</b> 8: attempt to write a readonly database</span> in [CORE/cake/libs/model/datasources/dbo_source.php, line 512]
